
------------------------------------
IMAPSync started..  15:38:28_-_30.11.2011

Starting anp del009 15:38:28_-_30.11.2011
Finished anp del009@kodi.karelia.ru 15:38:29_-_30.11.2011

Starting cvv bold159 15:38:29_-_30.11.2011
Finished cvv bold159@kodi.karelia.ru 15:38:29_-_30.11.2011

Starting gaa paste135 15:38:29_-_30.11.2011
Finished gaa paste135@kodi.karelia.ru 15:38:29_-_30.11.2011

Starting gug enter957 15:38:29_-_30.11.2011
Finished gug enter957@kodi.karelia.ru 15:38:30_-_30.11.2011

Starting iab bold159 15:38:30_-_30.11.2011
Finished iab bold159@kodi.karelia.ru 15:38:30_-_30.11.2011

Starting kav insert017 15:38:30_-_30.11.2011
Finished kav insert017@kodi.karelia.ru 15:38:30_-_30.11.2011

Starting kng lock177 15:38:30_-_30.11.2011
Finished kng lock177@kodi.karelia.ru 15:38:31_-_30.11.2011

Starting kubik2 cut170 15:38:31_-_30.11.2011
Finished kubik2 cut170@kodi.karelia.ru 15:38:31_-_30.11.2011

Starting lei lock001 15:38:31_-_30.11.2011
Finished lei lock001@kodi.karelia.ru 15:38:31_-_30.11.2011

Starting nag caps007 15:38:31_-_30.11.2011
Finished nag caps007@kodi.karelia.ru 15:38:32_-_30.11.2011

Starting opr home151 15:38:32_-_30.11.2011
Finished opr home151@kodi.karelia.ru 15:38:32_-_30.11.2011

Starting rma 12345 15:38:32_-_30.11.2011
Finished rma 12345@kodi.karelia.ru 15:38:32_-_30.11.2011

Starting ses break957 15:38:32_-_30.11.2011
Finished ses break957@kodi.karelia.ru 15:38:33_-_30.11.2011

Starting taa page018 15:38:33_-_30.11.2011
Finished taa page018@kodi.karelia.ru 15:38:33_-_30.11.2011

Starting vos home003 15:38:33_-_30.11.2011
Finished vos home003@kodi.karelia.ru 15:38:33_-_30.11.2011

Starting  15:38:33_-_30.11.2011
Finished @kodi.karelia.ru 15:38:34_-_30.11.2011

Starting  15:38:34_-_30.11.2011
Finished @kodi.karelia.ru 15:38:34_-_30.11.2011


------------------------------------

------------------------------------
IMAPSync started..  15:44:15_-_30.11.2011

Starting anp 15:44:15_-_30.11.2011
Finished anp@kodi.karelia.ru 15:45:38_-_30.11.2011

Starting cap 15:45:38_-_30.11.2011
Finished cap@kodi.karelia.ru 15:48:23_-_30.11.2011

Starting cop 15:48:23_-_30.11.2011
Finished cop@kodi.karelia.ru 15:49:22_-_30.11.2011

Starting cvv 15:49:22_-_30.11.2011
Finished cvv@kodi.karelia.ru 15:50:16_-_30.11.2011

Starting dvg 15:50:16_-_30.11.2011
Finished dvg@kodi.karelia.ru 15:54:36_-_30.11.2011

Starting eav 15:54:36_-_30.11.2011
Finished eav@kodi.karelia.ru 15:56:46_-_30.11.2011

Starting gaa 15:56:46_-_30.11.2011
Finished gaa@kodi.karelia.ru 15:57:10_-_30.11.2011

Starting gds 15:57:10_-_30.11.2011
Finished gds@kodi.karelia.ru 15:57:28_-_30.11.2011

Starting glu 15:57:28_-_30.11.2011
Finished glu@kodi.karelia.ru 15:57:31_-_30.11.2011

Starting gug 15:57:31_-_30.11.2011
Finished gug@kodi.karelia.ru 15:58:00_-_30.11.2011

Starting gvs 15:58:00_-_30.11.2011
Finished gvs@kodi.karelia.ru 15:58:02_-_30.11.2011

Starting hag 15:58:02_-_30.11.2011
Finished hag@kodi.karelia.ru 15:58:06_-_30.11.2011

Starting iab 15:58:06_-_30.11.2011
Finished iab@kodi.karelia.ru 15:59:24_-_30.11.2011

Starting inf 15:59:24_-_30.11.2011
Finished inf@kodi.karelia.ru 15:59:26_-_30.11.2011

Starting kassa 15:59:26_-_30.11.2011
Finished kassa@kodi.karelia.ru 15:59:27_-_30.11.2011

Starting kav 15:59:27_-_30.11.2011
Finished kav@kodi.karelia.ru 15:59:41_-_30.11.2011

Starting klp 15:59:41_-_30.11.2011
Finished klp@kodi.karelia.ru 15:59:42_-_30.11.2011

Starting klt 15:59:42_-_30.11.2011
Finished klt@kodi.karelia.ru 15:59:44_-_30.11.2011

Starting kng 15:59:44_-_30.11.2011
Finished kng@kodi.karelia.ru 15:59:46_-_30.11.2011

Starting kon 15:59:46_-_30.11.2011
Finished kon@kodi.karelia.ru 15:59:48_-_30.11.2011

Starting kubik1 15:59:48_-_30.11.2011
Finished kubik1@kodi.karelia.ru 15:59:50_-_30.11.2011

Starting kubik2 15:59:50_-_30.11.2011
Finished kubik2@kodi.karelia.ru 15:59:52_-_30.11.2011

Starting lav 15:59:52_-_30.11.2011
Finished lav@kodi.karelia.ru 16:02:03_-_30.11.2011

Starting lda 16:02:03_-_30.11.2011
Finished lda@kodi.karelia.ru 16:04:49_-_30.11.2011

Starting lei 16:04:49_-_30.11.2011
Finished lei@kodi.karelia.ru 16:05:54_-_30.11.2011

Starting mac 16:05:54_-_30.11.2011
Finished mac@kodi.karelia.ru 16:10:59_-_30.11.2011

Starting mng 16:10:59_-_30.11.2011
Finished mng@kodi.karelia.ru 16:14:11_-_30.11.2011

Starting nag 16:14:11_-_30.11.2011
Finished nag@kodi.karelia.ru 16:28:04_-_30.11.2011

Starting nov 16:28:04_-_30.11.2011
Finished nov@kodi.karelia.ru 16:30:35_-_30.11.2011

Starting odv 16:30:35_-_30.11.2011
Finished odv@kodi.karelia.ru 16:31:11_-_30.11.2011

Starting opr 16:31:11_-_30.11.2011
Finished opr@kodi.karelia.ru 16:31:13_-_30.11.2011

Starting por 16:31:13_-_30.11.2011
Finished por@kodi.karelia.ru 16:32:26_-_30.11.2011

Starting ptg 16:32:26_-_30.11.2011
Finished ptg@kodi.karelia.ru 16:32:49_-_30.11.2011

Starting rma 16:32:49_-_30.11.2011
Finished rma@kodi.karelia.ru 16:32:53_-_30.11.2011

Starting sao 16:32:53_-_30.11.2011
Finished sao@kodi.karelia.ru 16:32:56_-_30.11.2011

Starting sdu 16:32:56_-_30.11.2011
Finished sdu@kodi.karelia.ru 16:39:23_-_30.11.2011

Starting ses 16:39:23_-_30.11.2011
Finished ses@kodi.karelia.ru 16:40:03_-_30.11.2011

Starting sla 16:40:03_-_30.11.2011
Finished sla@kodi.karelia.ru 16:40:08_-_30.11.2011

Starting svs 16:40:08_-_30.11.2011
Finished svs@kodi.karelia.ru 16:41:09_-_30.11.2011

Starting taa 16:41:09_-_30.11.2011
Finished taa@kodi.karelia.ru 16:41:20_-_30.11.2011

Starting tae 16:41:20_-_30.11.2011
Finished tae@kodi.karelia.ru 16:41:34_-_30.11.2011

Starting ttm 16:41:34_-_30.11.2011
Finished ttm@kodi.karelia.ru 16:44:30_-_30.11.2011

Starting vos 16:44:30_-_30.11.2011
Finished vos@kodi.karelia.ru 16:48:29_-_30.11.2011

Starting vva 16:48:29_-_30.11.2011
Finished vva@kodi.karelia.ru 16:50:45_-_30.11.2011


------------------------------------

------------------------------------
IMAPSync started..  14:47:46_-_01.12.2011

Starting anp 14:47:46_-_01.12.2011
Finished anp@kodi.karelia.ru 14:47:51_-_01.12.2011

Starting cap 14:47:51_-_01.12.2011
Finished cap@kodi.karelia.ru 14:48:11_-_01.12.2011

Starting cop 14:48:11_-_01.12.2011
Finished cop@kodi.karelia.ru 14:48:16_-_01.12.2011

Starting cvv 14:48:16_-_01.12.2011
Finished cvv@kodi.karelia.ru 14:48:21_-_01.12.2011

Starting dvg 14:48:21_-_01.12.2011
Finished dvg@kodi.karelia.ru 14:48:45_-_01.12.2011

Starting eav 14:48:45_-_01.12.2011
Finished eav@kodi.karelia.ru 14:48:56_-_01.12.2011

Starting gaa 14:48:56_-_01.12.2011
Finished gaa@kodi.karelia.ru 14:48:59_-_01.12.2011

Starting gds 14:48:59_-_01.12.2011
Finished gds@kodi.karelia.ru 14:49:40_-_01.12.2011

Starting glu 14:49:40_-_01.12.2011
Finished glu@kodi.karelia.ru 14:49:41_-_01.12.2011

Starting gug 14:49:41_-_01.12.2011
Finished gug@kodi.karelia.ru 14:49:43_-_01.12.2011

Starting gvs 14:49:43_-_01.12.2011
Finished gvs@kodi.karelia.ru 14:49:45_-_01.12.2011

Starting hag 14:49:45_-_01.12.2011
Finished hag@kodi.karelia.ru 14:49:46_-_01.12.2011

Starting iab 14:49:46_-_01.12.2011
Finished iab@kodi.karelia.ru 14:51:02_-_01.12.2011

Starting inf 14:51:02_-_01.12.2011
Finished inf@kodi.karelia.ru 14:51:04_-_01.12.2011

Starting kassa 14:51:04_-_01.12.2011
Finished kassa@kodi.karelia.ru 14:51:05_-_01.12.2011

Starting kav 14:51:05_-_01.12.2011
Finished kav@kodi.karelia.ru 14:51:08_-_01.12.2011

Starting klp 14:51:08_-_01.12.2011
Finished klp@kodi.karelia.ru 14:51:10_-_01.12.2011

Starting klt 14:51:10_-_01.12.2011
Finished klt@kodi.karelia.ru 14:51:13_-_01.12.2011

Starting kng 14:51:13_-_01.12.2011
Finished kng@kodi.karelia.ru 14:51:15_-_01.12.2011

Starting kon 14:51:15_-_01.12.2011
Finished kon@kodi.karelia.ru 14:51:17_-_01.12.2011

Starting kubik1 14:51:17_-_01.12.2011
Finished kubik1@kodi.karelia.ru 14:51:19_-_01.12.2011

Starting kubik2 14:51:19_-_01.12.2011
Finished kubik2@kodi.karelia.ru 14:51:21_-_01.12.2011

Starting lav 14:51:21_-_01.12.2011
Finished lav@kodi.karelia.ru 14:51:33_-_01.12.2011

Starting lda 14:51:33_-_01.12.2011
Finished lda@kodi.karelia.ru 14:51:48_-_01.12.2011

Starting lei 14:51:48_-_01.12.2011
Finished lei@kodi.karelia.ru 14:51:56_-_01.12.2011

Starting mac 14:51:56_-_01.12.2011
Finished mac@kodi.karelia.ru 14:52:30_-_01.12.2011

Starting mng 14:52:30_-_01.12.2011
Finished mng@kodi.karelia.ru 14:52:38_-_01.12.2011

Starting nag 14:52:38_-_01.12.2011
Finished nag@kodi.karelia.ru 14:53:52_-_01.12.2011

Starting nov 14:53:52_-_01.12.2011
Finished nov@kodi.karelia.ru 14:54:04_-_01.12.2011

Starting odv 14:54:04_-_01.12.2011
Finished odv@kodi.karelia.ru 14:54:09_-_01.12.2011

Starting opr 14:54:09_-_01.12.2011
Finished opr@kodi.karelia.ru 14:54:10_-_01.12.2011

Starting por 14:54:10_-_01.12.2011
Finished por@kodi.karelia.ru 14:54:16_-_01.12.2011

Starting ptg 14:54:16_-_01.12.2011
Finished ptg@kodi.karelia.ru 14:54:18_-_01.12.2011

Starting rma 14:54:18_-_01.12.2011
Finished rma@kodi.karelia.ru 14:54:22_-_01.12.2011

Starting sao 14:54:22_-_01.12.2011
Finished sao@kodi.karelia.ru 14:54:24_-_01.12.2011

Starting sdu 14:54:24_-_01.12.2011
Finished sdu@kodi.karelia.ru 14:54:47_-_01.12.2011

Starting ses 14:54:47_-_01.12.2011
Finished ses@kodi.karelia.ru 14:54:52_-_01.12.2011

Starting sla 14:54:52_-_01.12.2011
Finished sla@kodi.karelia.ru 14:54:53_-_01.12.2011

Starting svs 14:54:53_-_01.12.2011
Finished svs@kodi.karelia.ru 14:54:59_-_01.12.2011

Starting taa 14:54:59_-_01.12.2011
Finished taa@kodi.karelia.ru 14:55:01_-_01.12.2011

Starting tae 14:55:01_-_01.12.2011
Finished tae@kodi.karelia.ru 14:55:02_-_01.12.2011

Starting ttm 14:55:02_-_01.12.2011
Finished ttm@kodi.karelia.ru 14:55:22_-_01.12.2011

Starting vos 14:55:22_-_01.12.2011
Finished vos@kodi.karelia.ru 14:55:36_-_01.12.2011

Starting vva 14:55:36_-_01.12.2011
Finished vva@kodi.karelia.ru 14:55:46_-_01.12.2011


------------------------------------

------------------------------------
IMAPSync started..  09:46:27_-_12.12.2011

Starting anp 09:46:27_-_12.12.2011
Finished anp@kodi.karelia.ru 09:47:35_-_12.12.2011

Starting cap 09:47:36_-_12.12.2011
Finished cap@kodi.karelia.ru 09:50:26_-_12.12.2011

Starting cop 09:50:26_-_12.12.2011
Finished cop@kodi.karelia.ru 09:51:48_-_12.12.2011

Starting cvv 09:51:48_-_12.12.2011
Finished cvv@kodi.karelia.ru 09:52:42_-_12.12.2011

Starting dvg 09:52:42_-_12.12.2011
Finished dvg@kodi.karelia.ru 09:55:33_-_12.12.2011

Starting eav 09:55:33_-_12.12.2011
Finished eav@kodi.karelia.ru 09:57:57_-_12.12.2011

Starting gaa 09:57:57_-_12.12.2011
Finished gaa@kodi.karelia.ru 09:58:26_-_12.12.2011

Starting gds 09:58:26_-_12.12.2011
Finished gds@kodi.karelia.ru 10:02:23_-_12.12.2011

Starting glu 10:02:23_-_12.12.2011
Finished glu@kodi.karelia.ru 10:02:30_-_12.12.2011

Starting gug 10:02:30_-_12.12.2011
Finished gug@kodi.karelia.ru 10:03:04_-_12.12.2011

Starting gvs 10:03:04_-_12.12.2011
Finished gvs@kodi.karelia.ru 10:03:06_-_12.12.2011

Starting hag 10:03:06_-_12.12.2011
Finished hag@kodi.karelia.ru 10:03:12_-_12.12.2011

Starting iab 10:03:12_-_12.12.2011
Finished iab@kodi.karelia.ru 10:05:31_-_12.12.2011

Starting inf 10:05:31_-_12.12.2011
Finished inf@kodi.karelia.ru 10:05:33_-_12.12.2011

Starting kassa 10:05:33_-_12.12.2011
Finished kassa@kodi.karelia.ru 10:05:34_-_12.12.2011

Starting kav 10:05:34_-_12.12.2011
Finished kav@kodi.karelia.ru 10:05:55_-_12.12.2011

Starting klp 10:05:55_-_12.12.2011
Finished klp@kodi.karelia.ru 10:05:56_-_12.12.2011

Starting kng 10:05:56_-_12.12.2011
Finished kng@kodi.karelia.ru 10:08:39_-_12.12.2011

Starting kon 10:08:39_-_12.12.2011
Finished kon@kodi.karelia.ru 10:11:37_-_12.12.2011

Starting kubik1 10:11:37_-_12.12.2011
Finished kubik1@kodi.karelia.ru 10:11:39_-_12.12.2011

Starting kubik2 10:11:39_-_12.12.2011
Finished kubik2@kodi.karelia.ru 10:11:40_-_12.12.2011

Starting lav 10:11:40_-_12.12.2011
Finished lav@kodi.karelia.ru 10:14:02_-_12.12.2011

Starting lda 10:14:02_-_12.12.2011
Finished lda@kodi.karelia.ru 10:16:51_-_12.12.2011

Starting lei 10:16:51_-_12.12.2011
Finished lei@kodi.karelia.ru 10:18:38_-_12.12.2011

Starting mac 10:18:38_-_12.12.2011
Finished mac@kodi.karelia.ru 10:23:59_-_12.12.2011

Starting mng 10:23:59_-_12.12.2011
Finished mng@kodi.karelia.ru 10:26:39_-_12.12.2011

Starting nag 10:26:39_-_12.12.2011
Finished nag@kodi.karelia.ru 10:32:47_-_12.12.2011

Starting nov 10:32:47_-_12.12.2011
Finished nov@kodi.karelia.ru 10:35:23_-_12.12.2011

Starting odv 10:35:23_-_12.12.2011
Finished odv@kodi.karelia.ru 10:36:06_-_12.12.2011

Starting opr 10:36:06_-_12.12.2011
Finished opr@kodi.karelia.ru 10:36:08_-_12.12.2011

Starting por 10:36:08_-_12.12.2011
Finished por@kodi.karelia.ru 10:37:22_-_12.12.2011

Starting ptg 10:37:22_-_12.12.2011
Finished ptg@kodi.karelia.ru 10:37:48_-_12.12.2011

Starting rma 10:37:48_-_12.12.2011
Finished rma@kodi.karelia.ru 10:37:51_-_12.12.2011

Starting sao 10:37:51_-_12.12.2011
Finished sao@kodi.karelia.ru 10:37:53_-_12.12.2011

Starting sdu 10:37:53_-_12.12.2011
Finished sdu@kodi.karelia.ru 10:41:25_-_12.12.2011

Starting ses 10:41:25_-_12.12.2011
Finished ses@kodi.karelia.ru 10:42:03_-_12.12.2011

Starting sla 10:42:03_-_12.12.2011
Finished sla@kodi.karelia.ru 10:42:08_-_12.12.2011

Starting svs 10:42:08_-_12.12.2011
Finished svs@kodi.karelia.ru 10:43:10_-_12.12.2011

Starting taa 10:43:10_-_12.12.2011
Finished taa@kodi.karelia.ru 10:43:52_-_12.12.2011

Starting tae 10:43:52_-_12.12.2011
Finished tae@kodi.karelia.ru 10:44:07_-_12.12.2011

Starting ttm 10:44:07_-_12.12.2011
Finished ttm@kodi.karelia.ru 10:47:10_-_12.12.2011

Starting vos 10:47:10_-_12.12.2011
Finished vos@kodi.karelia.ru 10:50:18_-_12.12.2011

Starting vva 10:50:18_-_12.12.2011
Finished vva@kodi.karelia.ru 10:52:32_-_12.12.2011


------------------------------------

------------------------------------
IMAPSync started..  12:36:53_-_12.12.2011

Starting anp 12:36:53_-_12.12.2011
Finished anp@kodi.karelia.ru 12:36:57_-_12.12.2011

Starting cap 12:36:57_-_12.12.2011
Finished cap@kodi.karelia.ru 12:38:12_-_12.12.2011

Starting cop 12:38:12_-_12.12.2011
Finished cop@kodi.karelia.ru 12:38:19_-_12.12.2011

Starting cvv 12:38:19_-_12.12.2011
Finished cvv@kodi.karelia.ru 12:38:24_-_12.12.2011

Starting dvg 12:38:24_-_12.12.2011
Finished dvg@kodi.karelia.ru 12:39:52_-_12.12.2011

Starting eav 12:39:52_-_12.12.2011
Finished eav@kodi.karelia.ru 12:39:59_-_12.12.2011

Starting gaa 12:39:59_-_12.12.2011
Finished gaa@kodi.karelia.ru 12:40:02_-_12.12.2011

Starting gds 12:40:02_-_12.12.2011
Finished gds@kodi.karelia.ru 12:41:25_-_12.12.2011

Starting glu 12:41:25_-_12.12.2011
Finished glu@kodi.karelia.ru 12:41:27_-_12.12.2011

Starting gug 12:41:27_-_12.12.2011
Finished gug@kodi.karelia.ru 12:41:28_-_12.12.2011

Starting gvs 12:41:28_-_12.12.2011
Finished gvs@kodi.karelia.ru 12:41:30_-_12.12.2011

Starting hag 12:41:30_-_12.12.2011
Finished hag@kodi.karelia.ru 12:41:31_-_12.12.2011

Starting iab 12:41:31_-_12.12.2011
Finished iab@kodi.karelia.ru 12:41:38_-_12.12.2011

Starting inf 12:41:38_-_12.12.2011
Finished inf@kodi.karelia.ru 12:41:40_-_12.12.2011

Starting kassa 12:41:40_-_12.12.2011
Finished kassa@kodi.karelia.ru 12:41:41_-_12.12.2011

Starting kav 12:41:41_-_12.12.2011
Finished kav@kodi.karelia.ru 12:41:43_-_12.12.2011

Starting klp 12:41:43_-_12.12.2011
Finished klp@kodi.karelia.ru 12:41:45_-_12.12.2011

Starting kng 12:41:45_-_12.12.2011
Finished kng@kodi.karelia.ru 12:42:49_-_12.12.2011

Starting kon 12:42:49_-_12.12.2011
Finished kon@kodi.karelia.ru 12:45:20_-_12.12.2011

Starting kubik1 12:45:20_-_12.12.2011
Finished kubik1@kodi.karelia.ru 12:45:22_-_12.12.2011

Starting kubik2 12:45:22_-_12.12.2011
Finished kubik2@kodi.karelia.ru 12:45:23_-_12.12.2011

Starting lav 12:45:23_-_12.12.2011
Finished lav@kodi.karelia.ru 12:45:40_-_12.12.2011

Starting lda 12:45:40_-_12.12.2011
Finished lda@kodi.karelia.ru 12:45:57_-_12.12.2011

Starting lei 12:45:57_-_12.12.2011
Finished lei@kodi.karelia.ru 12:46:03_-_12.12.2011

Starting mac 12:46:03_-_12.12.2011
Finished mac@kodi.karelia.ru 12:46:35_-_12.12.2011

Starting mng 12:46:35_-_12.12.2011
Finished mng@kodi.karelia.ru 12:47:36_-_12.12.2011

Starting nag 12:47:36_-_12.12.2011
Finished nag@kodi.karelia.ru 12:56:28_-_12.12.2011

Starting nov 12:56:29_-_12.12.2011
Finished nov@kodi.karelia.ru 12:56:41_-_12.12.2011

Starting odv 12:56:41_-_12.12.2011
Finished odv@kodi.karelia.ru 12:56:44_-_12.12.2011

Starting opr 12:56:44_-_12.12.2011
Finished opr@kodi.karelia.ru 12:56:45_-_12.12.2011

Starting por 12:56:45_-_12.12.2011
Finished por@kodi.karelia.ru 12:56:50_-_12.12.2011

Starting ptg 12:56:50_-_12.12.2011
Finished ptg@kodi.karelia.ru 12:56:53_-_12.12.2011

Starting rma 12:56:53_-_12.12.2011
Finished rma@kodi.karelia.ru 12:56:55_-_12.12.2011

Starting sao 12:56:55_-_12.12.2011
Finished sao@kodi.karelia.ru 12:56:58_-_12.12.2011

Starting sdu 12:56:58_-_12.12.2011
Finished sdu@kodi.karelia.ru 13:01:07_-_12.12.2011

Starting ses 13:01:07_-_12.12.2011
Finished ses@kodi.karelia.ru 13:01:12_-_12.12.2011

Starting sla 13:01:12_-_12.12.2011
Finished sla@kodi.karelia.ru 13:01:13_-_12.12.2011

Starting svs 13:01:13_-_12.12.2011
Finished svs@kodi.karelia.ru 13:01:18_-_12.12.2011

Starting taa 13:01:18_-_12.12.2011
Finished taa@kodi.karelia.ru 13:01:21_-_12.12.2011

Starting tae 13:01:21_-_12.12.2011
Finished tae@kodi.karelia.ru 13:01:22_-_12.12.2011

Starting ttm 13:01:22_-_12.12.2011
Finished ttm@kodi.karelia.ru 13:01:39_-_12.12.2011

Starting vos 13:01:39_-_12.12.2011
Finished vos@kodi.karelia.ru 13:04:13_-_12.12.2011

Starting vva 13:04:13_-_12.12.2011
Finished vva@kodi.karelia.ru 13:04:20_-_12.12.2011


------------------------------------
